<?xml version="1.0" encoding="UTF-8"?>
<testng-results ignored="3" total="4" passed="1" failed="0" skipped="0">
  <reporter-output>
  </reporter-output>
  <suite started-at="2021-12-11T23:45:55 AST" name="Default suite" finished-at="2021-12-11T23:46:02 AST" duration-ms="7434">
    <groups>
    </groups>
    <test started-at="2021-12-11T23:45:55 AST" name="Default test" finished-at="2021-12-11T23:46:02 AST" duration-ms="7434">
      <class name="TestUsers">
        <test-method signature="delete_user()[pri:0, instance:TestUsers@13b13b5d]" started-at="2021-12-11T23:45:55 AST" name="delete_user" finished-at="2021-12-11T23:46:02 AST" duration-ms="7316" status="PASS">
          <reporter-output>
          </reporter-output>
        </test-method> <!-- delete_user -->
      </class> <!-- TestUsers -->
    </test> <!-- Default test -->
  </suite> <!-- Default suite -->
</testng-results>
