<?xml version="1.0" encoding="UTF-8"?>
<!-- Generated by org.testng.reporters.JUnitXMLReporter -->
<testsuite ignored="3" hostname="DESKTOP-OP7I3MO" failures="0" tests="1" name="Default test" time="7.434" errors="0" timestamp="2021-12-11T23:46:02 AST">
  <testcase classname="TestUsers" name="delete_user" time="7.316"/>
  <testcase classname="TestUsers" name="Create_user" time="0.0">
    <ignored/>
  </testcase> <!-- Create_user -->
  <testcase classname="TestUsers" name="update_user" time="0.0">
    <ignored/>
  </testcase> <!-- update_user -->
  <testcase classname="TestUsers" name="validate_Response" time="0.0">
    <ignored/>
  </testcase> <!-- validate_Response -->
</testsuite> <!-- Default test -->
